This is pdfTeX, Version 3.1415926-2.4-1.40.13 (TeX Live 2012) (format=pdflatex 2012.6.30)  9 MAY 2013 15:42
entering extended mode
 restricted \write18 enabled.
 %&-line parsing enabled.
**paper.tex
(./paper.tex
LaTeX2e <2011/06/27>
Babel <v3.8m> and hyphenation patterns for english, dumylang, nohyphenation, ge
rman-x-2012-05-30, ngerman-x-2012-05-30, afrikaans, ancientgreek, ibycus, arabi
c, armenian, basque, bulgarian, catalan, pinyin, coptic, croatian, czech, danis
h, dutch, ukenglish, usenglishmax, esperanto, estonian, ethiopic, farsi, finnis
h, french, friulan, galician, german, ngerman, swissgerman, monogreek, greek, h
ungarian, icelandic, assamese, bengali, gujarati, hindi, kannada, malayalam, ma
rathi, oriya, panjabi, tamil, telugu, indonesian, interlingua, irish, italian, 
kurmanji, latin, latvian, lithuanian, mongolian, mongolianlmc, bokmal, nynorsk,
 polish, portuguese, romanian, romansh, russian, sanskrit, serbian, serbianc, s
lovak, slovenian, spanish, swedish, turkish, turkmen, ukrainian, uppersorbian, 
welsh, loaded.
(/usr/local/texlive/2012/texmf-dist/tex/latex/base/article.cls
Document Class: article 2007/10/19 v1.4h Standard LaTeX document class
(/usr/local/texlive/2012/texmf-dist/tex/latex/base/size12.clo
File: size12.clo 2007/10/19 v1.4h Standard LaTeX file (size option)
)
\c@part=\count79
\c@section=\count80
\c@subsection=\count81
\c@subsubsection=\count82
\c@paragraph=\count83
\c@subparagraph=\count84
\c@figure=\count85
\c@table=\count86
\abovecaptionskip=\skip41
\belowcaptionskip=\skip42
\bibindent=\dimen102
)
(/usr/local/texlive/2012/texmf-dist/tex/latex/preprint/fullpage.sty
Package: fullpage 1999/02/23 1.1 (PWD)
\FP@margin=\skip43
)
(/usr/local/texlive/2012/texmf-dist/tex/latex/graphics/graphicx.sty
Package: graphicx 1999/02/16 v1.0f Enhanced LaTeX Graphics (DPC,SPQR)

(/usr/local/texlive/2012/texmf-dist/tex/latex/graphics/keyval.sty
Package: keyval 1999/03/16 v1.13 key=value parser (DPC)
\KV@toks@=\toks14
)
(/usr/local/texlive/2012/texmf-dist/tex/latex/graphics/graphics.sty
Package: graphics 2009/02/05 v1.0o Standard LaTeX Graphics (DPC,SPQR)

(/usr/local/texlive/2012/texmf-dist/tex/latex/graphics/trig.sty
Package: trig 1999/03/16 v1.09 sin cos tan (DPC)
)
(/usr/local/texlive/2012/texmf-dist/tex/latex/latexconfig/graphics.cfg
File: graphics.cfg 2010/04/23 v1.9 graphics configuration of TeX Live
)
Package graphics Info: Driver file: pdftex.def on input line 91.

(/usr/local/texlive/2012/texmf-dist/tex/latex/pdftex-def/pdftex.def
File: pdftex.def 2011/05/27 v0.06d Graphics/color for pdfTeX

(/usr/local/texlive/2012/texmf-dist/tex/generic/oberdiek/infwarerr.sty
Package: infwarerr 2010/04/08 v1.3 Providing info/warning/error messages (HO)
)
(/usr/local/texlive/2012/texmf-dist/tex/generic/oberdiek/ltxcmds.sty
Package: ltxcmds 2011/11/09 v1.22 LaTeX kernel commands for general use (HO)
)
\Gread@gobject=\count87
))
\Gin@req@height=\dimen103
\Gin@req@width=\dimen104
)
(/usr/local/texlive/2012/texmf-dist/tex/latex/graphics/epsfig.sty
Package: epsfig 1999/02/16 v1.7a (e)psfig emulation (SPQR)
\epsfxsize=\dimen105
\epsfysize=\dimen106
)
(/usr/local/texlive/2012/texmf-dist/tex/latex/algorithmicx/algpseudocode.sty
Package: algpseudocode 

(/usr/local/texlive/2012/texmf-dist/tex/latex/base/ifthen.sty
Package: ifthen 2001/05/26 v1.1c Standard LaTeX ifthen package (DPC)
)
(/usr/local/texlive/2012/texmf-dist/tex/latex/algorithmicx/algorithmicx.sty
Package: algorithmicx 2005/04/27 v1.2 Algorithmicx

Document Style algorithmicx 1.2 - a greatly improved `algorithmic' style
\c@ALG@line=\count88
\c@ALG@rem=\count89
\c@ALG@nested=\count90
\ALG@tlm=\skip44
\ALG@thistlm=\skip45
\c@ALG@Lnr=\count91
\c@ALG@blocknr=\count92
\c@ALG@storecount=\count93
\c@ALG@tmpcounter=\count94
\ALG@tmplength=\skip46
)
Document Style - pseudocode environments for use with the `algorithmicx' style
) (/usr/local/texlive/2012/texmf-dist/tex/latex/url/url.sty
\Urlmuskip=\muskip10
Package: url 2006/04/12  ver 3.3  Verb mode for urls, etc.
)
(/usr/local/texlive/2012/texmf-dist/tex/latex/appendix/appendix.sty
Package: appendix 2009/09/02 v1.2b extra appendix facilities
\c@@pps=\count95
\c@@ppsavesec=\count96
\c@@ppsaveapp=\count97
)
No file paper.aux.
\openout1 = `paper.aux'.

LaTeX Font Info:    Checking defaults for OML/cmm/m/it on input line 18.
LaTeX Font Info:    ... okay on input line 18.
LaTeX Font Info:    Checking defaults for T1/cmr/m/n on input line 18.
LaTeX Font Info:    ... okay on input line 18.
LaTeX Font Info:    Checking defaults for OT1/cmr/m/n on input line 18.
LaTeX Font Info:    ... okay on input line 18.
LaTeX Font Info:    Checking defaults for OMS/cmsy/m/n on input line 18.
LaTeX Font Info:    ... okay on input line 18.
LaTeX Font Info:    Checking defaults for OMX/cmex/m/n on input line 18.
LaTeX Font Info:    ... okay on input line 18.
LaTeX Font Info:    Checking defaults for U/cmr/m/n on input line 18.
LaTeX Font Info:    ... okay on input line 18.
(/usr/local/texlive/2012/texmf-dist/tex/context/base/supp-pdf.mkii
[Loading MPS to PDF converter (version 2006.09.02).]
\scratchcounter=\count98
\scratchdimen=\dimen107
\scratchbox=\box26
\nofMPsegments=\count99
\nofMParguments=\count100
\everyMPshowfont=\toks15
\MPscratchCnt=\count101
\MPscratchDim=\dimen108
\MPnumerator=\count102
\makeMPintoPDFobject=\count103
\everyMPtoPDFconversion=\toks16
) (/usr/local/texlive/2012/texmf-dist/tex/generic/oberdiek/pdftexcmds.sty
Package: pdftexcmds 2011/11/29 v0.20 Utility functions of pdfTeX for LuaTeX (HO
)

(/usr/local/texlive/2012/texmf-dist/tex/generic/oberdiek/ifluatex.sty
Package: ifluatex 2010/03/01 v1.3 Provides the ifluatex switch (HO)
Package ifluatex Info: LuaTeX not detected.
)
(/usr/local/texlive/2012/texmf-dist/tex/generic/oberdiek/ifpdf.sty
Package: ifpdf 2011/01/30 v2.3 Provides the ifpdf switch (HO)
Package ifpdf Info: pdfTeX in PDF mode is detected.
)
Package pdftexcmds Info: LuaTeX not detected.
Package pdftexcmds Info: \pdf@primitive is available.
Package pdftexcmds Info: \pdf@ifprimitive is available.
Package pdftexcmds Info: \pdfdraftmode found.
)
(/usr/local/texlive/2012/texmf-dist/tex/latex/oberdiek/epstopdf-base.sty
Package: epstopdf-base 2010/02/09 v2.5 Base part for package epstopdf

(/usr/local/texlive/2012/texmf-dist/tex/latex/oberdiek/grfext.sty
Package: grfext 2010/08/19 v1.1 Manage graphics extensions (HO)

(/usr/local/texlive/2012/texmf-dist/tex/generic/oberdiek/kvdefinekeys.sty
Package: kvdefinekeys 2011/04/07 v1.3 Define keys (HO)
))
(/usr/local/texlive/2012/texmf-dist/tex/latex/oberdiek/kvoptions.sty
Package: kvoptions 2011/06/30 v3.11 Key value format for package options (HO)

(/usr/local/texlive/2012/texmf-dist/tex/generic/oberdiek/kvsetkeys.sty
Package: kvsetkeys 2012/04/25 v1.16 Key value parser (HO)

(/usr/local/texlive/2012/texmf-dist/tex/generic/oberdiek/etexcmds.sty
Package: etexcmds 2011/02/16 v1.5 Avoid name clashes with e-TeX commands (HO)
Package etexcmds Info: Could not find \expanded.
(etexcmds)             That can mean that you are not using pdfTeX 1.50 or
(etexcmds)             that some package has redefined \expanded.
(etexcmds)             In the latter case, load this package earlier.
)))
Package grfext Info: Graphics extension search list:
(grfext)             [.png,.pdf,.jpg,.mps,.jpeg,.jbig2,.jb2,.PNG,.PDF,.JPG,.JPE
G,.JBIG2,.JB2,.eps]
(grfext)             \AppendGraphicsExtensions on input line 452.

(/usr/local/texlive/2012/texmf-dist/tex/latex/latexconfig/epstopdf-sys.cfg
File: epstopdf-sys.cfg 2010/07/13 v1.3 Configuration of (r)epstopdf for TeX Liv
e
))
LaTeX Font Info:    External font `cmex10' loaded for size
(Font)              <14.4> on input line 19.
LaTeX Font Info:    External font `cmex10' loaded for size
(Font)              <7> on input line 19.
Missing character: There is no ‚ in font cmr12!
Missing character: There is no Ä in font cmr12!
Missing character: There is no ô in font cmr12!
LaTeX Font Info:    Try loading font information for OMS+cmr on input line 31.

(/usr/local/texlive/2012/texmf-dist/tex/latex/base/omscmr.fd
File: omscmr.fd 1999/05/25 v2.5h Standard LaTeX font definitions
)
LaTeX Font Info:    Font shape `OMS/cmr/m/n' in size <12> not available
(Font)              Font shape `OMS/cmsy/m/n' tried instead on input line 31.
Missing character: There is no ‚ in font cmr12!
Missing character: There is no Ä in font cmr12!
Missing character: There is no ô in font cmr12!
 [1

{/usr/local/texlive/2012/texmf-var/fonts/map/pdftex/updmap/pdftex.map}]
Missing character: There is no ‚ in font cmr12!
Missing character: There is no Ä in font cmr12!
Missing character: There is no ô in font cmr12!
LaTeX Font Info:    External font `cmex10' loaded for size
(Font)              <12> on input line 61.
LaTeX Font Info:    External font `cmex10' loaded for size
(Font)              <8> on input line 61.
LaTeX Font Info:    External font `cmex10' loaded for size
(Font)              <6> on input line 61.
 [2] [3]
Missing character: There is no ‚ in font cmr12!
Missing character: There is no Ä in font cmr12!
Missing character: There is no ô in font cmr12!
 [4]
Missing character: There is no ‚ in font cmr12!
Missing character: There is no Ä in font cmr12!
Missing character: There is no ô in font cmr12!
 [5]
Missing character: There is no ‚ in font cmr12!
Missing character: There is no Ä in font cmr12!
Missing character: There is no ô in font cmr12!
Missing character: There is no ‚ in font cmr12!
Missing character: There is no Ä in font cmr12!
Missing character: There is no ú in font cmr12!
Missing character: There is no ‚ in font cmr12!
Missing character: There is no Ä in font cmr12!
Missing character: There is no ù in font cmr12!

[6]
Missing character: There is no ¬ in font cmr12!
Missing character: There is no ∞ in font cmr12!
 [7]
Missing character: There is no ¬ in font cmr12!
Missing character: There is no ∞ in font cmr12!
Package epstopdf Info: Source file: <audio.eps>
(epstopdf)                    date: 2013-05-09 15:08:40
(epstopdf)                    size: 40311 bytes
(epstopdf)             Output file: <audio-eps-converted-to.pdf>
(epstopdf)                    date: 2013-05-09 15:13:13
(epstopdf)                    size: 13548 bytes
(epstopdf)             Command: <repstopdf --outfile=audio-eps-converted-to.pdf
 audio.eps>
(epstopdf)             \includegraphics on input line 199.
Package epstopdf Info: Output file is already uptodate.
 <audio-eps-converted-to.pdf, id=28, 124.465pt x 120.45pt>
File: audio-eps-converted-to.pdf Graphic file (type pdf)

<use audio-eps-converted-to.pdf>
Package pdftex.def Info: audio-eps-converted-to.pdf used on input line 199.
(pdftex.def)             Requested size: 187.89914pt x 181.85448pt.
Missing character: There is no ‚ in font cmr12!
Missing character: There is no Ä in font cmr12!
Missing character: There is no ú in font cmr12!
Missing character: There is no ‚ in font cmr12!
Missing character: There is no Ä in font cmr12!
Missing character: There is no ù in font cmr12!
 [8 <./audio-eps-converted-to.pdf>]
Package epstopdf Info: Source file: <audio3.eps>
(epstopdf)                    date: 2013-05-09 15:06:45
(epstopdf)                    size: 40135 bytes
(epstopdf)             Output file: <audio3-eps-converted-to.pdf>
(epstopdf)                    date: 2013-05-09 15:13:15
(epstopdf)                    size: 19852 bytes
(epstopdf)             Command: <repstopdf --outfile=audio3-eps-converted-to.pd
f audio3.eps>
(epstopdf)             \includegraphics on input line 214.
Package epstopdf Info: Output file is already uptodate.

<audio3-eps-converted-to.pdf, id=37, 393.47pt x 130.4875pt>
File: audio3-eps-converted-to.pdf Graphic file (type pdf)

<use audio3-eps-converted-to.pdf>
Package pdftex.def Info: audio3-eps-converted-to.pdf used on input line 214.
(pdftex.def)             Requested size: 187.89914pt x 62.31271pt.

No file paper.bbl.
[9 <./audio3-eps-converted-to.pdf>]
Package epstopdf Info: Source file: <teammembers.eps>
(epstopdf)                    date: 2013-05-09 14:53:34
(epstopdf)                    size: 143287 bytes
(epstopdf)             Output file: <teammembers-eps-converted-to.pdf>
(epstopdf)                    date: 2013-05-09 14:54:06
(epstopdf)                    size: 102280 bytes
(epstopdf)             Command: <repstopdf --outfile=teammembers-eps-converted-
to.pdf teammembers.eps>
(epstopdf)             \includegraphics on input line 229.
Package epstopdf Info: Output file is already uptodate.

<teammembers-eps-converted-to.pdf, id=44, 351.3125pt x 396.48125pt>
File: teammembers-eps-converted-to.pdf Graphic file (type pdf)

<use teammembers-eps-converted-to.pdf>
Package pdftex.def Info: teammembers-eps-converted-to.pdf used on input line 22
9.
(pdftex.def)             Requested size: 281.85587pt x 318.1171pt.
 [10


 <./teammembers-eps-converted-to.pdf>] [11

]
Package epstopdf Info: Source file: <OpenComm_Login.eps>
(epstopdf)                    date: 2013-05-09 15:27:34
(epstopdf)                    size: 3232030 bytes
(epstopdf)             Output file: <OpenComm_Login-eps-converted-to.pdf>
(epstopdf)             Command: <repstopdf --outfile=OpenComm_Login-eps-convert
ed-to.pdf OpenComm_Login.eps>
(epstopdf)             \includegraphics on input line 247.
runsystem(repstopdf --outfile=OpenComm_Login-eps-converted-to.pdf OpenComm_Logi
n.eps)...executed safely (allowed).

Package epstopdf Info: Result file: <OpenComm_Login-eps-converted-to.pdf>
(epstopdf)                    date: 2013-05-09 15:42:32
(epstopdf)                    size: 201635 bytes.
 <OpenComm_Login-eps-converted-to.pdf, id=54, 482.80376pt x 804.00375pt>
File: OpenComm_Login-eps-converted-to.pdf Graphic file (type pdf)

<use OpenComm_Login-eps-converted-to.pdf>
Package pdftex.def Info: OpenComm_Login-eps-converted-to.pdf used on input line
 247.
(pdftex.def)             Requested size: 281.85587pt x 469.38953pt.
 [12

 <./OpenComm_Login-eps-converted-to.pdf>]
Package epstopdf Info: Source file: <Create_Account.eps>
(epstopdf)                    date: 2013-05-09 15:28:38
(epstopdf)                    size: 353671 bytes
(epstopdf)             Output file: <Create_Account-eps-converted-to.pdf>
(epstopdf)             Command: <repstopdf --outfile=Create_Account-eps-convert
ed-to.pdf Create_Account.eps>
(epstopdf)             \includegraphics on input line 249.
runsystem(repstopdf --outfile=Create_Account-eps-converted-to.pdf Create_Accoun
t.eps)...executed safely (allowed).

Package epstopdf Info: Result file: <Create_Account-eps-converted-to.pdf>
(epstopdf)                    date: 2013-05-09 15:42:35
(epstopdf)                    size: 57922 bytes.
 <Create_Account-eps-converted-to.pdf, id=61, 481.8pt x 804.00375pt>
File: Create_Account-eps-converted-to.pdf Graphic file (type pdf)

<use Create_Account-eps-converted-to.pdf>
Package pdftex.def Info: Create_Account-eps-converted-to.pdf used on input line
 249.
(pdftex.def)             Requested size: 281.85587pt x 470.35872pt.
 [13

 <./Create_Account-eps-converted-to.pdf>]
Package epstopdf Info: Source file: <Forgot_Password.eps>
(epstopdf)                    date: 2013-05-09 15:28:14
(epstopdf)                    size: 319396 bytes
(epstopdf)             Output file: <Forgot_Password-eps-converted-to.pdf>
(epstopdf)             Command: <repstopdf --outfile=Forgot_Password-eps-conver
ted-to.pdf Forgot_Password.eps>
(epstopdf)             \includegraphics on input line 251.
runsystem(repstopdf --outfile=Forgot_Password-eps-converted-to.pdf Forgot_Passw
ord.eps)...executed safely (allowed).

Package epstopdf Info: Result file: <Forgot_Password-eps-converted-to.pdf>
(epstopdf)                    date: 2013-05-09 15:42:38
(epstopdf)                    size: 59716 bytes.
 <Forgot_Password-eps-converted-to.pdf, id=69, 481.8pt x 804.00375pt>
File: Forgot_Password-eps-converted-to.pdf Graphic file (type pdf)

<use Forgot_Password-eps-converted-to.pdf>
Package pdftex.def Info: Forgot_Password-eps-converted-to.pdf used on input lin
e 251.
(pdftex.def)             Requested size: 281.85587pt x 470.35872pt.
 [14

 <./Forgot_Password-eps-converted-to.pdf>]
Package epstopdf Info: Source file: <Dashboard_new.eps>
(epstopdf)                    date: 2013-05-09 15:29:29
(epstopdf)                    size: 269979 bytes
(epstopdf)             Output file: <Dashboard_new-eps-converted-to.pdf>
(epstopdf)                    date: 2013-05-09 15:38:29
(epstopdf)                    size: 78089 bytes
(epstopdf)             Command: <repstopdf --outfile=Dashboard_new-eps-converte
d-to.pdf Dashboard_new.eps>
(epstopdf)             \includegraphics on input line 253.
Package epstopdf Info: Output file is already uptodate.
 <Dashboard_new-eps-converted-to.pdf, id=76, 481.8pt x 804.00375pt>
File: Dashboard_new-eps-converted-to.pdf Graphic file (type pdf)

<use Dashboard_new-eps-converted-to.pdf>
Package pdftex.def Info: Dashboard_new-eps-converted-to.pdf used on input line 
253.
(pdftex.def)             Requested size: 281.85587pt x 470.35872pt.
 [15

 <./Dashboard_new-eps-converted-to.pdf>]
Package epstopdf Info: Source file: <contacts.eps>
(epstopdf)                    date: 2013-05-09 15:31:13
(epstopdf)                    size: 111266 bytes
(epstopdf)             Output file: <contacts-eps-converted-to.pdf>
(epstopdf)                    date: 2013-05-09 15:38:31
(epstopdf)                    size: 44653 bytes
(epstopdf)             Command: <repstopdf --outfile=contacts-eps-converted-to.
pdf contacts.eps>
(epstopdf)             \includegraphics on input line 255.
Package epstopdf Info: Output file is already uptodate.
 <contacts-eps-converted-to.pdf, id=83, 349.305pt x 577.15625pt>
File: contacts-eps-converted-to.pdf Graphic file (type pdf)

<use contacts-eps-converted-to.pdf>
Package pdftex.def Info: contacts-eps-converted-to.pdf used on input line 255.
(pdftex.def)             Requested size: 281.85587pt x 465.73267pt.
 [16

 <./contacts-eps-converted-to.pdf>]
Package epstopdf Info: Source file: <personalInfo.eps>
(epstopdf)                    date: 2013-05-09 15:32:29
(epstopdf)                    size: 80509 bytes
(epstopdf)             Output file: <personalInfo-eps-converted-to.pdf>
(epstopdf)                    date: 2013-05-09 15:38:33
(epstopdf)                    size: 26147 bytes
(epstopdf)             Command: <repstopdf --outfile=personalInfo-eps-converted
-to.pdf personalInfo.eps>
(epstopdf)             \includegraphics on input line 257.
Package epstopdf Info: Output file is already uptodate.

<personalInfo-eps-converted-to.pdf, id=90, 350.30875pt x 576.1525pt>
File: personalInfo-eps-converted-to.pdf Graphic file (type pdf)

<use personalInfo-eps-converted-to.pdf>
Package pdftex.def Info: personalInfo-eps-converted-to.pdf used on input line 2
57.
(pdftex.def)             Requested size: 281.85587pt x 463.59518pt.
 [17

 <./personalInfo-eps-converted-to.pdf>]
Package epstopdf Info: Source file: <conference5.eps>
(epstopdf)                    date: 2013-05-09 15:34:18
(epstopdf)                    size: 84646 bytes
(epstopdf)             Output file: <conference5-eps-converted-to.pdf>
(epstopdf)                    date: 2013-05-09 15:38:35
(epstopdf)                    size: 27692 bytes
(epstopdf)             Command: <repstopdf --outfile=conference5-eps-converted-
to.pdf conference5.eps>
(epstopdf)             \includegraphics on input line 259.
Package epstopdf Info: Output file is already uptodate.
 <conference5-eps-converted-to.pdf, id=97, 324.21124pt x 537.00626pt>
File: conference5-eps-converted-to.pdf Graphic file (type pdf)

<use conference5-eps-converted-to.pdf>
Package pdftex.def Info: conference5-eps-converted-to.pdf used on input line 25
9.
(pdftex.def)             Requested size: 281.85587pt x 466.8803pt.
 [18

 <./conference5-eps-converted-to.pdf>] [19

] [20

] (./paper.aux) ) 
Here is how much of TeX's memory you used:
 2284 strings out of 493488
 33674 string characters out of 3141326
 93702 words of memory out of 3000000
 5566 multiletter control sequences out of 15000+200000
 8808 words of font info for 31 fonts, out of 3000000 for 9000
 957 hyphenation exceptions out of 8191
 38i,7n,23p,1012b,257s stack positions out of 5000i,500n,10000p,200000b,50000s
</usr/local/texlive/2012/texmf-dist/fonts/type1/public/amsfont
s/cm/cmbx12.pfb></usr/local/texlive/2012/texmf-dist/fonts/type1/public/amsfonts
/cm/cmmi12.pfb></usr/local/texlive/2012/texmf-dist/fonts/type1/public/amsfonts/
cm/cmmi8.pfb></usr/local/texlive/2012/texmf-dist/fonts/type1/public/amsfonts/cm
/cmr12.pfb></usr/local/texlive/2012/texmf-dist/fonts/type1/public/amsfonts/cm/c
msy10.pfb>
Output written on paper.pdf (20 pages, 698167 bytes).
PDF statistics:
 129 PDF objects out of 1000 (max. 8388607)
 81 compressed objects within 1 object stream
 0 named destinations out of 1000 (max. 500000)
 51 words of extra memory for PDF output out of 10000 (max. 10000000)

